[0.096s] Invoking command in '/home/thedush/tb3_multi_robot/build/turtlebot3_multi_robot': CMAKE_PREFIX_PATH=/opt/ros/humble /usr/bin/cmake /home/thedush/tb3_multi_robot -DCMAKE_INSTALL_PREFIX=/home/thedush/tb3_multi_robot/install/turtlebot3_multi_robot
[1.371s] -- The C compiler identification is GNU 11.4.0
[2.055s] -- The CXX compiler identification is GNU 11.4.0
[2.065s] -- Detecting C compiler ABI info
[2.284s] -- Detecting C compiler ABI info - done
[2.292s] -- Check for working C compiler: /usr/bin/cc - skipped
[2.292s] -- Detecting C compile features
[2.314s] -- Detecting C compile features - done
[2.326s] -- Detecting CXX compiler ABI info
[2.473s] -- Detecting CXX compiler ABI info - done
[2.478s] -- Check for working CXX compiler: /usr/bin/c++ - skipped
[2.478s] -- Detecting CXX compile features
[2.479s] -- Detecting CXX compile features - done
[2.547s] -- Found ament_cmake: 1.3.12 (/opt/ros/humble/share/ament_cmake/cmake)
[2.826s] -- Found Python3: /usr/bin/python3 (found version "3.10.12") found components: Interpreter 
[3.152s] -- Configuring done
[3.165s] -- Generating done
[3.166s] -- Build files have been written to: /home/thedush/tb3_multi_robot/build/turtlebot3_multi_robot
[3.169s] Invoked command in '/home/thedush/tb3_multi_robot/build/turtlebot3_multi_robot' returned '0': CMAKE_PREFIX_PATH=/opt/ros/humble /usr/bin/cmake /home/thedush/tb3_multi_robot -DCMAKE_INSTALL_PREFIX=/home/thedush/tb3_multi_robot/install/turtlebot3_multi_robot
[3.171s] Invoking command in '/home/thedush/tb3_multi_robot/build/turtlebot3_multi_robot': CMAKE_PREFIX_PATH=/opt/ros/humble /usr/bin/cmake --build /home/thedush/tb3_multi_robot/build/turtlebot3_multi_robot -- -j8 -l8
[3.208s] Invoked command in '/home/thedush/tb3_multi_robot/build/turtlebot3_multi_robot' returned '0': CMAKE_PREFIX_PATH=/opt/ros/humble /usr/bin/cmake --build /home/thedush/tb3_multi_robot/build/turtlebot3_multi_robot -- -j8 -l8
[3.219s] Invoking command in '/home/thedush/tb3_multi_robot/build/turtlebot3_multi_robot': CMAKE_PREFIX_PATH=/opt/ros/humble /usr/bin/cmake --install /home/thedush/tb3_multi_robot/build/turtlebot3_multi_robot
[3.227s] -- Install configuration: ""
[3.227s] -- Installing: /home/thedush/tb3_multi_robot/install/turtlebot3_multi_robot/share/turtlebot3_multi_robot//launch
[3.227s] -- Installing: /home/thedush/tb3_multi_robot/install/turtlebot3_multi_robot/share/turtlebot3_multi_robot//launch/nav2_bringup
[3.228s] -- Installing: /home/thedush/tb3_multi_robot/install/turtlebot3_multi_robot/share/turtlebot3_multi_robot//launch/nav2_bringup/localization_launch.py
[3.228s] -- Installing: /home/thedush/tb3_multi_robot/install/turtlebot3_multi_robot/share/turtlebot3_multi_robot//launch/nav2_bringup/navigation_launch.py
[3.228s] -- Installing: /home/thedush/tb3_multi_robot/install/turtlebot3_multi_robot/share/turtlebot3_multi_robot//launch/nav2_bringup/rviz_launch.py
[3.228s] -- Installing: /home/thedush/tb3_multi_robot/install/turtlebot3_multi_robot/share/turtlebot3_multi_robot//launch/nav2_bringup/bringup_launch.py
[3.228s] -- Installing: /home/thedush/tb3_multi_robot/install/turtlebot3_multi_robot/share/turtlebot3_multi_robot//launch/nav2_bringup/slam_launch.py
[3.228s] -- Installing: /home/thedush/tb3_multi_robot/install/turtlebot3_multi_robot/share/turtlebot3_multi_robot//launch/gazebo_multi_world.launch.py
[3.228s] -- Installing: /home/thedush/tb3_multi_robot/install/turtlebot3_multi_robot/share/turtlebot3_multi_robot//launch/gazebo_multi_nav2_world.launch.py
[3.228s] -- Installing: /home/thedush/tb3_multi_robot/install/turtlebot3_multi_robot/share/turtlebot3_multi_robot//models
[3.228s] -- Installing: /home/thedush/tb3_multi_robot/install/turtlebot3_multi_robot/share/turtlebot3_multi_robot//models/turtlebot3_burger
[3.228s] -- Installing: /home/thedush/tb3_multi_robot/install/turtlebot3_multi_robot/share/turtlebot3_multi_robot//models/turtlebot3_burger/model-1_4.sdf
[3.228s] -- Installing: /home/thedush/tb3_multi_robot/install/turtlebot3_multi_robot/share/turtlebot3_multi_robot//models/turtlebot3_burger/meshes
[3.228s] -- Installing: /home/thedush/tb3_multi_robot/install/turtlebot3_multi_robot/share/turtlebot3_multi_robot//models/turtlebot3_burger/meshes/lds.dae
[3.229s] -- Installing: /home/thedush/tb3_multi_robot/install/turtlebot3_multi_robot/share/turtlebot3_multi_robot//models/turtlebot3_burger/meshes/tire.dae
[3.229s] -- Installing: /home/thedush/tb3_multi_robot/install/turtlebot3_multi_robot/share/turtlebot3_multi_robot//models/turtlebot3_burger/meshes/burger_base.dae
[3.229s] -- Installing: /home/thedush/tb3_multi_robot/install/turtlebot3_multi_robot/share/turtlebot3_multi_robot//models/turtlebot3_burger/model.sdf
[3.229s] -- Installing: /home/thedush/tb3_multi_robot/install/turtlebot3_multi_robot/share/turtlebot3_multi_robot//models/turtlebot3_burger/model.config
[3.229s] -- Installing: /home/thedush/tb3_multi_robot/install/turtlebot3_multi_robot/share/turtlebot3_multi_robot//models/turtlebot3_waffle
[3.229s] -- Installing: /home/thedush/tb3_multi_robot/install/turtlebot3_multi_robot/share/turtlebot3_multi_robot//models/turtlebot3_waffle/model-1_4.sdf
[3.229s] -- Installing: /home/thedush/tb3_multi_robot/install/turtlebot3_multi_robot/share/turtlebot3_multi_robot//models/turtlebot3_waffle/meshes
[3.229s] -- Installing: /home/thedush/tb3_multi_robot/install/turtlebot3_multi_robot/share/turtlebot3_multi_robot//models/turtlebot3_waffle/meshes/lds.dae
[3.229s] -- Installing: /home/thedush/tb3_multi_robot/install/turtlebot3_multi_robot/share/turtlebot3_multi_robot//models/turtlebot3_waffle/meshes/r200.dae
[3.229s] -- Installing: /home/thedush/tb3_multi_robot/install/turtlebot3_multi_robot/share/turtlebot3_multi_robot//models/turtlebot3_waffle/meshes/tire.dae
[3.229s] -- Installing: /home/thedush/tb3_multi_robot/install/turtlebot3_multi_robot/share/turtlebot3_multi_robot//models/turtlebot3_waffle/meshes/waffle_base.dae
[3.229s] -- Installing: /home/thedush/tb3_multi_robot/install/turtlebot3_multi_robot/share/turtlebot3_multi_robot//models/turtlebot3_waffle/model_nocamera.sdf
[3.229s] -- Installing: /home/thedush/tb3_multi_robot/install/turtlebot3_multi_robot/share/turtlebot3_multi_robot//models/turtlebot3_waffle/model.sdf
[3.230s] -- Installing: /home/thedush/tb3_multi_robot/install/turtlebot3_multi_robot/share/turtlebot3_multi_robot//models/turtlebot3_waffle/model.config
[3.230s] -- Installing: /home/thedush/tb3_multi_robot/install/turtlebot3_multi_robot/share/turtlebot3_multi_robot//rviz
[3.230s] -- Installing: /home/thedush/tb3_multi_robot/install/turtlebot3_multi_robot/share/turtlebot3_multi_robot//rviz/multi_nav2_default_view.rviz
[3.230s] -- Installing: /home/thedush/tb3_multi_robot/install/turtlebot3_multi_robot/share/turtlebot3_multi_robot//rviz/nav2_default_view.rviz
[3.230s] -- Installing: /home/thedush/tb3_multi_robot/install/turtlebot3_multi_robot/share/turtlebot3_multi_robot//urdf
[3.230s] -- Installing: /home/thedush/tb3_multi_robot/install/turtlebot3_multi_robot/share/turtlebot3_multi_robot//urdf/common_properties.urdf
[3.230s] -- Installing: /home/thedush/tb3_multi_robot/install/turtlebot3_multi_robot/share/turtlebot3_multi_robot//urdf/turtlebot3_burger.urdf
[3.230s] -- Installing: /home/thedush/tb3_multi_robot/install/turtlebot3_multi_robot/share/turtlebot3_multi_robot//urdf/turtlebot3_waffle.urdf
[3.230s] -- Installing: /home/thedush/tb3_multi_robot/install/turtlebot3_multi_robot/share/turtlebot3_multi_robot//worlds
[3.230s] -- Installing: /home/thedush/tb3_multi_robot/install/turtlebot3_multi_robot/share/turtlebot3_multi_robot//worlds/multi_robot_world.world
[3.230s] -- Installing: /home/thedush/tb3_multi_robot/install/turtlebot3_multi_robot/share/turtlebot3_multi_robot//worlds/multi_empty_world.world
[3.230s] -- Installing: /home/thedush/tb3_multi_robot/install/turtlebot3_multi_robot/share/turtlebot3_multi_robot//params
[3.230s] -- Installing: /home/thedush/tb3_multi_robot/install/turtlebot3_multi_robot/share/turtlebot3_multi_robot//params/nav2_params.yaml
[3.230s] -- Installing: /home/thedush/tb3_multi_robot/install/turtlebot3_multi_robot/share/turtlebot3_multi_robot/environment/multi_robot.dsv
[3.231s] -- Installing: /home/thedush/tb3_multi_robot/install/turtlebot3_multi_robot/share/ament_index/resource_index/package_run_dependencies/turtlebot3_multi_robot
[3.231s] -- Installing: /home/thedush/tb3_multi_robot/install/turtlebot3_multi_robot/share/ament_index/resource_index/parent_prefix_path/turtlebot3_multi_robot
[3.231s] -- Installing: /home/thedush/tb3_multi_robot/install/turtlebot3_multi_robot/share/turtlebot3_multi_robot/environment/ament_prefix_path.sh
[3.231s] -- Installing: /home/thedush/tb3_multi_robot/install/turtlebot3_multi_robot/share/turtlebot3_multi_robot/environment/ament_prefix_path.dsv
[3.231s] -- Installing: /home/thedush/tb3_multi_robot/install/turtlebot3_multi_robot/share/turtlebot3_multi_robot/environment/path.sh
[3.231s] -- Installing: /home/thedush/tb3_multi_robot/install/turtlebot3_multi_robot/share/turtlebot3_multi_robot/environment/path.dsv
[3.231s] -- Installing: /home/thedush/tb3_multi_robot/install/turtlebot3_multi_robot/share/turtlebot3_multi_robot/local_setup.bash
[3.231s] -- Installing: /home/thedush/tb3_multi_robot/install/turtlebot3_multi_robot/share/turtlebot3_multi_robot/local_setup.sh
[3.231s] -- Installing: /home/thedush/tb3_multi_robot/install/turtlebot3_multi_robot/share/turtlebot3_multi_robot/local_setup.zsh
[3.231s] -- Installing: /home/thedush/tb3_multi_robot/install/turtlebot3_multi_robot/share/turtlebot3_multi_robot/local_setup.dsv
[3.231s] -- Installing: /home/thedush/tb3_multi_robot/install/turtlebot3_multi_robot/share/turtlebot3_multi_robot/package.dsv
[3.231s] -- Installing: /home/thedush/tb3_multi_robot/install/turtlebot3_multi_robot/share/ament_index/resource_index/packages/turtlebot3_multi_robot
[3.231s] -- Installing: /home/thedush/tb3_multi_robot/install/turtlebot3_multi_robot/share/turtlebot3_multi_robot/cmake/turtlebot3_multi_robotConfig.cmake
[3.231s] -- Installing: /home/thedush/tb3_multi_robot/install/turtlebot3_multi_robot/share/turtlebot3_multi_robot/cmake/turtlebot3_multi_robotConfig-version.cmake
[3.231s] -- Installing: /home/thedush/tb3_multi_robot/install/turtlebot3_multi_robot/share/turtlebot3_multi_robot/package.xml
[3.233s] Invoked command in '/home/thedush/tb3_multi_robot/build/turtlebot3_multi_robot' returned '0': CMAKE_PREFIX_PATH=/opt/ros/humble /usr/bin/cmake --install /home/thedush/tb3_multi_robot/build/turtlebot3_multi_robot
